2026-03-22 22:28:32,463 - INFO - Pipeline finished successfully
2026-03-25 12:43:30,810 - INFO - Pipeline started
2026-03-25 12:43:46,911 - INFO - API reviews processed
2026-03-25 12:43:46,920 - INFO - API reviews processed
2026-03-25 12:43:46,929 - INFO - API reviews processed
2026-03-25 12:43:46,929 - ERROR - Error processing PDF data/raw/pdf/student_finance_normal.pdf: [Errno 2] No such file or directory: 'data/raw/pdf/student_finance_normal.pdf'
2026-03-25 12:43:46,929 - ERROR - Error processing PDF data/raw/pdf/student_finance_twocol.pdf: [Errno 2] No such file or directory: 'data/raw/pdf/student_finance_twocol.pdf'
2026-03-25 12:43:46,929 - ERROR - Error processing Word data/raw/word/student_finance_report.docx: Package not found at 'data/raw/word/student_finance_report.docx'
2026-03-25 12:43:46,930 - ERROR - Error processing Word data/raw/word/student_finance_report_twocol.docx: Package not found at 'data/raw/word/student_finance_report_twocol.docx'
2026-03-25 12:43:46,930 - ERROR - Error processing Excel data/raw/excel/student_finance_data.xlsx: [Errno 2] No such file or directory: 'data/raw/excel/student_finance_data.xlsx'
2026-03-25 12:43:46,931 - INFO - Pipeline finished successfully
2026-03-25 14:23:54,432 - INFO - Pipeline started
2026-03-25 14:23:54,577 - ERROR - Error processing PDF ../../data/raw/pdf/student_finance_normal.pdf: save_to_mongo() got multiple values for argument 'extra_metadata'
2026-03-25 14:23:54,661 - ERROR - Error processing PDF ../../data/raw/pdf/student_finance_twocol.pdf: save_to_mongo() got multiple values for argument 'extra_metadata'
2026-03-25 14:23:54,693 - ERROR - Error processing Word ../../data/raw/word/student_finance_report.docx: save_to_mongo() got multiple values for argument 'extra_metadata'
2026-03-25 14:23:54,703 - ERROR - Error processing Word ../../data/raw/word/student_finance_report_twocol.docx: name 'qn' is not defined
2026-03-25 14:23:54,722 - ERROR - Error processing Excel ../../data/raw/excel/student_finance_data.xlsx: save_to_mongo() got multiple values for argument 'extra_metadata'
2026-03-25 14:23:54,722 - INFO - Pipeline finished successfully
2026-03-26 17:28:35,904 - INFO - Pipeline started
2026-03-26 17:28:51,990 - INFO - API reviews processed
2026-03-26 17:28:52,005 - INFO - API reviews processed
2026-03-26 17:28:52,092 - INFO - API reviews processed
2026-03-26 17:28:52,207 - INFO - PDF processed: ../../data/raw/pdf/student_finance_normal.pdf
2026-03-26 17:28:52,295 - INFO - PDF processed: ../../data/raw/pdf/student_finance_twocol.pdf
2026-03-26 17:28:52,334 - INFO - Word processed: ../../data/raw/word/student_finance_report.docx
2026-03-26 17:28:52,357 - ERROR - Error processing Word ../../data/raw/word/student_finance_report_twocol.docx: name 'qn' is not defined
2026-03-26 17:28:52,394 - ERROR - Error processing Excel ../../data/raw/excel/student_finance_data.xlsx: save_to_mongo() got multiple values for argument 'extra_metadata'
2026-03-26 17:28:52,394 - INFO - Pipeline finished successfully
2026-03-26 17:36:30,440 - INFO - Pipeline started
2026-03-26 17:36:45,741 - INFO - API reviews processed
2026-03-26 17:36:45,763 - INFO - API reviews processed
2026-03-26 17:36:45,774 - INFO - API reviews processed
2026-03-26 17:36:45,897 - INFO - PDF processed: ../../data/raw/pdf/student_finance_normal.pdf
2026-03-26 17:36:45,978 - INFO - PDF processed: ../../data/raw/pdf/student_finance_twocol.pdf
2026-03-26 17:36:46,004 - INFO - Word processed: ../../data/raw/word/student_finance_report.docx
2026-03-26 17:36:46,017 - ERROR - Error processing Word ../../data/raw/word/student_finance_report_twocol.docx: name '_has_column_break' is not defined
2026-03-26 17:36:46,153 - INFO - Excel processed: ../../data/raw/excel/student_finance_data.xlsx
2026-03-26 17:36:46,153 - INFO - Pipeline finished successfully
2026-03-26 17:38:17,787 - INFO - Pipeline started
2026-03-26 17:38:31,826 - INFO - API reviews processed
2026-03-26 17:38:31,832 - INFO - API reviews processed
2026-03-26 17:38:31,850 - INFO - API reviews processed
2026-03-26 17:38:31,964 - INFO - PDF processed: ../../data/raw/pdf/student_finance_normal.pdf
2026-03-26 17:38:32,041 - INFO - PDF processed: ../../data/raw/pdf/student_finance_twocol.pdf
2026-03-26 17:38:32,064 - INFO - Word processed: ../../data/raw/word/student_finance_report.docx
2026-03-26 17:38:32,087 - ERROR - Error processing Word ../../data/raw/word/student_finance_report_twocol.docx: 'tables'
2026-03-26 17:38:32,179 - INFO - Excel processed: ../../data/raw/excel/student_finance_data.xlsx
2026-03-26 17:38:32,179 - INFO - Pipeline finished successfully
2026-03-26 18:17:17,423 - INFO - Pipeline started
2026-03-26 18:17:31,985 - INFO - API reviews processed
2026-03-26 18:17:31,999 - INFO - API reviews processed
2026-03-26 18:17:32,010 - INFO - API reviews processed
2026-03-26 18:17:32,118 - INFO - PDF processed: ../../data/raw/pdf/student_finance_normal.pdf
2026-03-26 18:17:32,211 - INFO - PDF processed: ../../data/raw/pdf/student_finance_twocol.pdf
2026-03-26 18:17:32,246 - INFO - Word processed: ../../data/raw/word/student_finance_report.docx
2026-03-26 18:17:32,280 - INFO - Word processed: ../../data/raw/word/student_finance_report_twocol.docx
2026-03-26 18:17:32,411 - INFO - Excel processed: ../../data/raw/excel/student_finance_data.xlsx
2026-03-26 18:17:32,411 - INFO - Pipeline finished successfully
2026-04-04 14:20:02,806 - INFO - Pipeline started
2026-04-04 14:20:17,608 - INFO - API reviews processed
2026-04-04 14:20:17,618 - INFO - API reviews processed
2026-04-04 14:20:17,626 - INFO - API reviews processed
2026-04-04 14:20:17,721 - INFO - PDF processed: ../../data/raw/pdf/student_finance_normal.pdf
2026-04-04 14:20:17,790 - INFO - PDF processed: ../../data/raw/pdf/student_finance_twocol.pdf
2026-04-04 14:20:17,823 - INFO - Word processed: ../../data/raw/word/student_finance_report.docx
2026-04-04 14:20:17,851 - INFO - Word processed: ../../data/raw/word/student_finance_report_twocol.docx
2026-04-04 14:20:17,938 - INFO - Excel processed: ../../data/raw/excel/student_finance_data.xlsx
2026-04-04 14:20:17,938 - INFO - Wen scraping started
2026-04-04 14:20:19,570 - INFO - Single page scraping done
2026-04-04 14:20:27,546 - INFO - Multi-page scraping done
2026-04-04 14:20:34,403 - INFO - Dynamic scraping done
2026-04-04 14:20:34,514 - INFO - ====== WebDriver manager ======
2026-04-04 14:20:35,659 - INFO - Get LATEST chromedriver version for google-chrome
2026-04-04 14:20:36,095 - INFO - Get LATEST chromedriver version for google-chrome
2026-04-04 14:20:36,513 - INFO - Driver [C:\Users\merim\.wdm\drivers\chromedriver\win64\146.0.7680.165\chromedriver-win32/chromedriver.exe] found in cache
2026-04-04 14:20:40,843 - INFO - Selenium scraping done: Oscar Winning Films: AJAX and Javascript | Scrape This Site | A public sandbox for learning web scraping
2026-04-04 14:20:40,843 - INFO - OCR started
2026-04-04 14:20:41,288 - INFO - OCR image done
2026-04-04 14:20:42,218 - INFO - OCR scanned PDF done
2026-04-04 14:20:42,218 - INFO - Pipeline finished successfully
2026-04-08 10:41:18,796 - INFO - Pipeline started
2026-04-08 10:41:33,858 - INFO - API reviews processed
2026-04-08 10:41:33,882 - INFO - API reviews processed
2026-04-08 10:41:33,910 - INFO - API reviews processed
2026-04-08 10:41:34,052 - INFO - PDF processed: ../../data/raw/pdf/student_finance_normal.pdf
2026-04-08 10:41:34,194 - INFO - PDF processed: ../../data/raw/pdf/student_finance_twocol.pdf
2026-04-08 10:41:34,248 - INFO - Word processed: ../../data/raw/word/student_finance_report.docx
2026-04-08 10:41:34,313 - INFO - Word processed: ../../data/raw/word/student_finance_report_twocol.docx
2026-04-08 10:41:34,479 - INFO - Excel processed: ../../data/raw/excel/student_finance_data.xlsx
2026-04-08 10:41:34,479 - INFO - Wen scraping started
2026-04-08 10:41:36,230 - INFO - Single page scraping done
2026-04-08 10:41:47,852 - INFO - Multi-page scraping done
2026-04-08 10:41:58,116 - INFO - Dynamic scraping done
2026-04-08 10:41:58,390 - INFO - ====== WebDriver manager ======
2026-04-08 10:42:00,267 - INFO - Get LATEST chromedriver version for google-chrome
2026-04-08 10:42:01,720 - INFO - Get LATEST chromedriver version for google-chrome
2026-04-08 10:42:02,698 - INFO - Get LATEST chromedriver version for google-chrome
2026-04-08 10:42:05,244 - INFO - WebDriver version 146.0.7680.165 selected
2026-04-08 10:42:05,254 - INFO - Modern chrome version https://storage.googleapis.com/chrome-for-testing-public/146.0.7680.165/win32/chromedriver-win32.zip
2026-04-08 10:42:05,255 - INFO - About to download new driver from https://storage.googleapis.com/chrome-for-testing-public/146.0.7680.165/win32/chromedriver-win32.zip
2026-04-08 10:42:06,355 - INFO - Driver downloading response is 200
2026-04-08 10:42:09,591 - INFO - Get LATEST chromedriver version for google-chrome
2026-04-08 10:42:10,757 - INFO - Driver has been saved in cache [C:\Users\merim\.wdm\drivers\chromedriver\win64\146.0.7680.165]
2026-04-08 10:42:18,569 - INFO - Selenium scraping done: Oscar Winning Films: AJAX and Javascript | Scrape This Site | A public sandbox for learning web scraping
2026-04-08 10:42:18,570 - INFO - OCR started
2026-04-08 10:42:20,966 - INFO - OCR image done
2026-04-08 10:42:22,584 - INFO - OCR scanned PDF done
2026-04-08 10:42:22,584 - INFO - Pipeline finished successfully
2026-04-10 13:59:29,301 - INFO - Pipeline started
2026-04-10 13:59:44,271 - INFO - API reviews processed
2026-04-10 13:59:44,277 - INFO - API reviews processed
2026-04-10 13:59:44,282 - INFO - API reviews processed
2026-04-10 13:59:44,374 - INFO - PDF processed: ../../data/raw/pdf/student_finance_normal.pdf
2026-04-10 13:59:44,442 - INFO - PDF processed: ../../data/raw/pdf/student_finance_twocol.pdf
2026-04-10 13:59:44,471 - INFO - Word processed: ../../data/raw/word/student_finance_report.docx
2026-04-10 13:59:44,495 - INFO - Word processed: ../../data/raw/word/student_finance_report_twocol.docx
2026-04-10 13:59:44,587 - INFO - Excel processed: ../../data/raw/excel/student_finance_data.xlsx
2026-04-10 13:59:44,587 - INFO - Wen scraping started
2026-04-10 13:59:46,013 - INFO - Single page scraping done
2026-04-10 13:59:53,880 - INFO - Multi-page scraping done
2026-04-10 14:00:00,749 - INFO - Dynamic scraping done
2026-04-10 14:00:00,877 - INFO - ====== WebDriver manager ======
2026-04-10 14:00:02,557 - INFO - Get LATEST chromedriver version for google-chrome
2026-04-10 14:00:03,291 - INFO - Get LATEST chromedriver version for google-chrome
2026-04-10 14:00:03,582 - INFO - Get LATEST chromedriver version for google-chrome
2026-04-10 14:00:04,542 - INFO - WebDriver version 146.0.7680.165 selected
2026-04-10 14:00:04,546 - INFO - Modern chrome version https://storage.googleapis.com/chrome-for-testing-public/146.0.7680.165/win32/chromedriver-win32.zip
2026-04-10 14:00:04,546 - INFO - About to download new driver from https://storage.googleapis.com/chrome-for-testing-public/146.0.7680.165/win32/chromedriver-win32.zip
2026-04-10 14:00:05,453 - INFO - Driver downloading response is 200
2026-04-10 14:00:05,878 - INFO - Get LATEST chromedriver version for google-chrome
2026-04-10 14:00:06,292 - INFO - Driver has been saved in cache [C:\Users\merim\.wdm\drivers\chromedriver\win64\146.0.7680.165]
2026-04-10 14:00:13,536 - INFO - Selenium scraping done: Oscar Winning Films: AJAX and Javascript | Scrape This Site | A public sandbox for learning web scraping
2026-04-10 14:00:13,536 - INFO - OCR started
2026-04-10 14:00:15,045 - INFO - OCR image done
2026-04-10 14:00:15,959 - INFO - OCR scanned PDF done
2026-04-10 14:00:15,959 - INFO - Pipeline finished successfully
2026-04-10 14:00:15,959 - INFO - Image processing started
2026-04-10 14:00:15,979 - ERROR - Error processing images: No module named 'processor'
2026-04-10 14:01:34,212 [INFO] Batch processing 7 images from ..\..\data\raw\images
2026-04-10 14:01:34,247 [INFO] Resized proportionally: 742x924 -> 500x622
2026-04-10 14:01:34,255 [INFO] Thumbnail saved: ..\..\data\processed\thumbnails\B09SM24S8C_thumb.jpg (103, 128)
2026-04-10 14:01:34,382 [INFO] WebP: 49KB -> 36KB (27.4% saving)
2026-04-10 14:01:34,382 [WARNING] No EXIF data found in ..\..\data\raw\images\B09SM24S8C.jpg
2026-04-10 14:01:34,405 [INFO] Resized proportionally: 983x1257 -> 500x639
2026-04-10 14:01:34,417 [INFO] Thumbnail saved: ..\..\data\processed\thumbnails\B0CP6DDN1H_thumb.jpg (100, 128)
2026-04-10 14:01:34,555 [INFO] WebP: 81KB -> 52KB (36.2% saving)
2026-04-10 14:01:34,556 [WARNING] No EXIF data found in ..\..\data\raw\images\B0CP6DDN1H.jpg
2026-04-10 14:01:34,581 [INFO] Resized proportionally: 989x1279 -> 500x646
2026-04-10 14:01:34,593 [INFO] Thumbnail saved: ..\..\data\processed\thumbnails\B0CT6BQV81_thumb.jpg (99, 128)
2026-04-10 14:01:34,748 [INFO] WebP: 93KB -> 67KB (27.3% saving)
2026-04-10 14:01:34,748 [WARNING] No EXIF data found in ..\..\data\raw\images\B0CT6BQV81.jpg
2026-04-10 14:01:34,768 [INFO] Resized proportionally: 881x1130 -> 500x641
2026-04-10 14:01:34,778 [INFO] Thumbnail saved: ..\..\data\processed\thumbnails\B0DM1S54MZ_thumb.jpg (100, 128)
2026-04-10 14:01:34,889 [INFO] WebP: 62KB -> 37KB (39.1% saving)
2026-04-10 14:01:34,889 [WARNING] No EXIF data found in ..\..\data\raw\images\B0DM1S54MZ.jpg
2026-04-10 14:01:34,923 [INFO] Resized proportionally: 1240x1500 -> 500x604
2026-04-10 14:01:34,939 [INFO] Thumbnail saved: ..\..\data\processed\thumbnails\B0FXY18C1J_thumb.jpg (106, 128)
2026-04-10 14:01:35,117 [INFO] WebP: 69KB -> 33KB (51.9% saving)
2026-04-10 14:01:35,117 [WARNING] No EXIF data found in ..\..\data\raw\images\B0FXY18C1J.jpg
2026-04-10 14:01:35,152 [INFO] Resized proportionally: 1478x1500 -> 500x507
2026-04-10 14:01:35,171 [INFO] Thumbnail saved: ..\..\data\processed\thumbnails\B0G4SVV79P_thumb.jpg (126, 128)
2026-04-10 14:01:35,391 [INFO] WebP: 86KB -> 47KB (45.2% saving)
2026-04-10 14:01:35,392 [WARNING] No EXIF data found in ..\..\data\raw\images\B0G4SVV79P.jpg
2026-04-10 14:01:35,408 [ERROR] Failed: test_scan.png - cannot write mode RGBA as JPEG
2026-04-10 14:01:35,484 [INFO] Please visit this URL to authorize this application: https://accounts.google.com/o/oauth2/auth?response_type=code&client_id=731001034499-mmgf51sp4fbpmfaf1bro03e3vgsa7cru.apps.googleusercontent.com&redirect_uri=http%3A%2F%2Flocalhost%3A51698%2F&scope=https%3A%2F%2Fwww.googleapis.com%2Fauth%2Fdrive.file&state=PaQDTUrGccGGphCLPBf8pY9IS8ULc4&code_challenge=1RYXsqDHh-H0LBercRYJ9mylM6nDBgaS-q_x8V71li4&code_challenge_method=S256&access_type=offline
2026-04-10 14:01:43,463 [INFO] "GET /?state=PaQDTUrGccGGphCLPBf8pY9IS8ULc4&iss=https://accounts.google.com&code=4/0Aci98E8n_FXAt6sf11S2Ypkre331fG9EmlSmMutHnef_N2lnqbg2ofP12Uin_fE807JrGA&scope=https://www.googleapis.com/auth/drive.file HTTP/1.1" 200 65
2026-04-10 14:01:43,933 [INFO] file_cache is only supported with oauth2client<4.0.0
2026-04-10 14:01:45,894 [INFO] file_cache is only supported with oauth2client<4.0.0
2026-04-10 14:01:48,589 [INFO] file_cache is only supported with oauth2client<4.0.0
2026-04-10 14:01:50,673 [INFO] file_cache is only supported with oauth2client<4.0.0
2026-04-10 14:01:53,469 [INFO] file_cache is only supported with oauth2client<4.0.0
2026-04-10 14:01:55,385 [INFO] file_cache is only supported with oauth2client<4.0.0
2026-04-10 14:01:58,220 [INFO] file_cache is only supported with oauth2client<4.0.0
2026-04-10 14:02:00,278 [INFO] file_cache is only supported with oauth2client<4.0.0
2026-04-10 14:02:02,977 [INFO] file_cache is only supported with oauth2client<4.0.0
2026-04-10 14:02:05,040 [INFO] file_cache is only supported with oauth2client<4.0.0
2026-04-10 14:02:07,912 [INFO] file_cache is only supported with oauth2client<4.0.0
2026-04-10 14:02:09,956 [INFO] file_cache is only supported with oauth2client<4.0.0
2026-04-10 14:02:12,614 [INFO] Batch complete. Success: 6, Errors: 1
2026-04-10 14:02:12,952 [INFO] Pipeline started
2026-04-10 14:02:27,084 [INFO] API reviews processed
2026-04-10 14:02:27,100 [INFO] API reviews processed
2026-04-10 14:02:27,111 [INFO] API reviews processed
2026-04-10 14:02:27,326 [INFO] PDF processed: ../../data/raw/pdf/student_finance_normal.pdf
2026-04-10 14:02:27,511 [INFO] PDF processed: ../../data/raw/pdf/student_finance_twocol.pdf
2026-04-10 14:02:27,564 [INFO] Word processed: ../../data/raw/word/student_finance_report.docx
2026-04-10 14:02:27,612 [INFO] Word processed: ../../data/raw/word/student_finance_report_twocol.docx
2026-04-10 14:02:27,821 [INFO] Excel processed: ../../data/raw/excel/student_finance_data.xlsx
2026-04-10 14:02:27,822 [INFO] Wen scraping started
2026-04-10 14:02:29,268 [INFO] Single page scraping done
2026-04-10 14:02:37,901 [INFO] Multi-page scraping done
2026-04-10 14:02:45,388 [INFO] Dynamic scraping done
2026-04-10 14:02:45,513 [INFO] ====== WebDriver manager ======
2026-04-10 14:02:46,507 [INFO] Get LATEST chromedriver version for google-chrome
2026-04-10 14:02:47,269 [INFO] Get LATEST chromedriver version for google-chrome
2026-04-10 14:02:47,953 [INFO] Driver [C:\Users\merim\.wdm\drivers\chromedriver\win64\146.0.7680.165\chromedriver-win32/chromedriver.exe] found in cache
2026-04-10 14:02:51,692 [INFO] Selenium scraping done: Oscar Winning Films: AJAX and Javascript | Scrape This Site | A public sandbox for learning web scraping
2026-04-10 14:02:51,693 [INFO] OCR started
2026-04-10 14:02:52,119 [INFO] OCR image done
2026-04-10 14:02:53,234 [INFO] OCR scanned PDF done
2026-04-10 14:02:53,235 [INFO] Pipeline finished successfully
2026-04-10 14:02:53,235 [INFO] Image processing started
2026-04-10 14:02:53,236 [INFO] Batch processing 7 images from ..\..\data\raw\images
2026-04-10 14:02:53,272 [INFO] Resized proportionally: 742x924 -> 500x622
2026-04-10 14:02:53,296 [INFO] Thumbnail saved: ..\..\data\processed\thumbnails\B09SM24S8C_thumb.jpg (103, 128)
2026-04-10 14:02:53,484 [INFO] WebP: 49KB -> 36KB (27.4% saving)
2026-04-10 14:02:53,485 [WARNING] No EXIF data found in ..\..\data\raw\images\B09SM24S8C.jpg
2026-04-10 14:02:53,547 [INFO] Resized proportionally: 983x1257 -> 500x639
2026-04-10 14:02:53,571 [INFO] Thumbnail saved: ..\..\data\processed\thumbnails\B0CP6DDN1H_thumb.jpg (100, 128)
2026-04-10 14:02:53,882 [INFO] WebP: 81KB -> 52KB (36.2% saving)
2026-04-10 14:02:53,884 [WARNING] No EXIF data found in ..\..\data\raw\images\B0CP6DDN1H.jpg
2026-04-10 14:02:53,942 [INFO] Resized proportionally: 989x1279 -> 500x646
2026-04-10 14:02:53,976 [INFO] Thumbnail saved: ..\..\data\processed\thumbnails\B0CT6BQV81_thumb.jpg (99, 128)
2026-04-10 14:02:54,324 [INFO] WebP: 93KB -> 67KB (27.3% saving)
2026-04-10 14:02:54,326 [WARNING] No EXIF data found in ..\..\data\raw\images\B0CT6BQV81.jpg
2026-04-10 14:02:54,365 [INFO] Resized proportionally: 881x1130 -> 500x641
2026-04-10 14:02:54,385 [INFO] Thumbnail saved: ..\..\data\processed\thumbnails\B0DM1S54MZ_thumb.jpg (100, 128)
2026-04-10 14:02:54,627 [INFO] WebP: 62KB -> 37KB (39.1% saving)
2026-04-10 14:02:54,628 [WARNING] No EXIF data found in ..\..\data\raw\images\B0DM1S54MZ.jpg
2026-04-10 14:02:54,705 [INFO] Resized proportionally: 1240x1500 -> 500x604
2026-04-10 14:02:54,740 [INFO] Thumbnail saved: ..\..\data\processed\thumbnails\B0FXY18C1J_thumb.jpg (106, 128)
2026-04-10 14:02:55,127 [INFO] WebP: 69KB -> 33KB (51.9% saving)
2026-04-10 14:02:55,129 [WARNING] No EXIF data found in ..\..\data\raw\images\B0FXY18C1J.jpg
2026-04-10 14:02:55,210 [INFO] Resized proportionally: 1478x1500 -> 500x507
2026-04-10 14:02:55,257 [INFO] Thumbnail saved: ..\..\data\processed\thumbnails\B0G4SVV79P_thumb.jpg (126, 128)
2026-04-10 14:02:55,742 [INFO] WebP: 86KB -> 47KB (45.2% saving)
2026-04-10 14:02:55,744 [WARNING] No EXIF data found in ..\..\data\raw\images\B0G4SVV79P.jpg
2026-04-10 14:02:55,779 [ERROR] Failed: test_scan.png - cannot write mode RGBA as JPEG
2026-04-10 14:02:55,794 [INFO] file_cache is only supported with oauth2client<4.0.0
2026-04-10 14:02:58,188 [INFO] file_cache is only supported with oauth2client<4.0.0
2026-04-10 14:03:01,156 [INFO] file_cache is only supported with oauth2client<4.0.0
2026-04-10 14:03:03,584 [INFO] file_cache is only supported with oauth2client<4.0.0
2026-04-10 14:03:06,207 [INFO] file_cache is only supported with oauth2client<4.0.0
2026-04-10 14:03:08,632 [INFO] file_cache is only supported with oauth2client<4.0.0
2026-04-10 14:03:11,499 [INFO] file_cache is only supported with oauth2client<4.0.0
2026-04-10 14:03:14,058 [INFO] file_cache is only supported with oauth2client<4.0.0
2026-04-10 14:03:16,721 [INFO] file_cache is only supported with oauth2client<4.0.0
2026-04-10 14:03:19,358 [INFO] file_cache is only supported with oauth2client<4.0.0
2026-04-10 14:03:21,771 [INFO] file_cache is only supported with oauth2client<4.0.0
2026-04-10 14:03:23,878 [INFO] file_cache is only supported with oauth2client<4.0.0
2026-04-10 14:03:26,626 [INFO] Batch complete. Success: 6, Errors: 1
2026-04-10 14:03:26,627 [INFO] Image processing done. Success: 6, Errors: 1
2026-04-17 13:48:40,936 [INFO] Batch processing 7 images from ..\..\data\raw\images
2026-04-17 13:48:41,031 [INFO] Resized proportionally: 742x924 -> 500x622
2026-04-17 13:48:41,039 [INFO] Thumbnail saved: ..\..\data\processed\thumbnails\B09SM24S8C_thumb.jpg (103, 128)
2026-04-17 13:48:41,246 [INFO] WebP: 49KB -> 36KB (27.4% saving)
2026-04-17 13:48:41,246 [WARNING] No EXIF data found in ..\..\data\raw\images\B09SM24S8C.jpg
2026-04-17 13:48:41,285 [INFO] Resized proportionally: 983x1257 -> 500x639
2026-04-17 13:48:41,300 [INFO] Thumbnail saved: ..\..\data\processed\thumbnails\B0CP6DDN1H_thumb.jpg (100, 128)
2026-04-17 13:48:41,434 [INFO] WebP: 81KB -> 52KB (36.2% saving)
2026-04-17 13:48:41,434 [WARNING] No EXIF data found in ..\..\data\raw\images\B0CP6DDN1H.jpg
2026-04-17 13:48:41,475 [INFO] Resized proportionally: 989x1279 -> 500x646
2026-04-17 13:48:41,487 [INFO] Thumbnail saved: ..\..\data\processed\thumbnails\B0CT6BQV81_thumb.jpg (99, 128)
2026-04-17 13:48:41,640 [INFO] WebP: 93KB -> 67KB (27.3% saving)
2026-04-17 13:48:41,640 [WARNING] No EXIF data found in ..\..\data\raw\images\B0CT6BQV81.jpg
2026-04-17 13:48:41,676 [INFO] Resized proportionally: 881x1130 -> 500x641
2026-04-17 13:48:41,685 [INFO] Thumbnail saved: ..\..\data\processed\thumbnails\B0DM1S54MZ_thumb.jpg (100, 128)
2026-04-17 13:48:41,790 [INFO] WebP: 62KB -> 37KB (39.1% saving)
2026-04-17 13:48:41,791 [WARNING] No EXIF data found in ..\..\data\raw\images\B0DM1S54MZ.jpg
2026-04-17 13:48:41,829 [INFO] Resized proportionally: 1240x1500 -> 500x604
2026-04-17 13:48:41,845 [INFO] Thumbnail saved: ..\..\data\processed\thumbnails\B0FXY18C1J_thumb.jpg (106, 128)
2026-04-17 13:48:42,020 [INFO] WebP: 69KB -> 33KB (51.9% saving)
2026-04-17 13:48:42,021 [WARNING] No EXIF data found in ..\..\data\raw\images\B0FXY18C1J.jpg
2026-04-17 13:48:42,072 [INFO] Resized proportionally: 1478x1500 -> 500x507
2026-04-17 13:48:42,092 [INFO] Thumbnail saved: ..\..\data\processed\thumbnails\B0G4SVV79P_thumb.jpg (126, 128)
2026-04-17 13:48:42,305 [INFO] WebP: 86KB -> 47KB (45.2% saving)
2026-04-17 13:48:42,306 [WARNING] No EXIF data found in ..\..\data\raw\images\B0G4SVV79P.jpg
2026-04-17 13:48:42,340 [ERROR] Failed: test_scan.png - cannot write mode RGBA as JPEG
2026-04-17 13:48:43,362 [INFO] file_cache is only supported with oauth2client<4.0.0
2026-04-17 13:48:45,772 [INFO] file_cache is only supported with oauth2client<4.0.0
2026-04-17 13:48:48,403 [INFO] file_cache is only supported with oauth2client<4.0.0
2026-04-17 13:48:50,289 [INFO] file_cache is only supported with oauth2client<4.0.0
2026-04-17 13:48:52,835 [INFO] file_cache is only supported with oauth2client<4.0.0
2026-04-17 13:48:54,600 [INFO] file_cache is only supported with oauth2client<4.0.0
2026-04-17 13:48:57,398 [INFO] file_cache is only supported with oauth2client<4.0.0
2026-04-17 13:48:59,429 [INFO] file_cache is only supported with oauth2client<4.0.0
2026-04-17 13:49:01,862 [INFO] file_cache is only supported with oauth2client<4.0.0
2026-04-17 13:49:04,014 [INFO] file_cache is only supported with oauth2client<4.0.0
2026-04-17 13:49:06,452 [INFO] file_cache is only supported with oauth2client<4.0.0
2026-04-17 13:49:08,436 [INFO] file_cache is only supported with oauth2client<4.0.0
2026-04-17 13:49:10,832 [INFO] Batch complete. Success: 6, Errors: 1
2026-04-17 13:49:13,019 [INFO] Loaded audio: How Amazon's Super-Complex Shipping System Works [2qanMpnYsjk].mp3 (MP3)
2026-04-17 13:49:13,645 [INFO] Loaded audio: The Future of Ecommerce_ 9 Trends That Will Exist In 2030 [GQjuEygcS3A].mp3 (MP3)
2026-04-17 13:49:14,077 [INFO] Loaded audio: The truth about online shopping. [tDvjQp1BaWA].mp3 (MP3)
2026-04-17 13:51:18,050 [INFO] Batch processing 7 images from ..\..\data\raw\images
2026-04-17 13:51:18,095 [INFO] Resized proportionally: 742x924 -> 500x622
2026-04-17 13:51:18,106 [INFO] Thumbnail saved: ..\..\data\processed\thumbnails\B09SM24S8C_thumb.jpg (103, 128)
2026-04-17 13:51:18,291 [INFO] WebP: 49KB -> 36KB (27.4% saving)
2026-04-17 13:51:18,291 [WARNING] No EXIF data found in ..\..\data\raw\images\B09SM24S8C.jpg
2026-04-17 13:51:18,328 [INFO] Resized proportionally: 983x1257 -> 500x639
2026-04-17 13:51:18,346 [INFO] Thumbnail saved: ..\..\data\processed\thumbnails\B0CP6DDN1H_thumb.jpg (100, 128)
2026-04-17 13:51:18,608 [INFO] WebP: 81KB -> 52KB (36.2% saving)
2026-04-17 13:51:18,609 [WARNING] No EXIF data found in ..\..\data\raw\images\B0CP6DDN1H.jpg
2026-04-17 13:51:18,650 [INFO] Resized proportionally: 989x1279 -> 500x646
2026-04-17 13:51:18,673 [INFO] Thumbnail saved: ..\..\data\processed\thumbnails\B0CT6BQV81_thumb.jpg (99, 128)
2026-04-17 13:51:18,954 [INFO] WebP: 93KB -> 67KB (27.3% saving)
2026-04-17 13:51:18,955 [WARNING] No EXIF data found in ..\..\data\raw\images\B0CT6BQV81.jpg
2026-04-17 13:51:18,990 [INFO] Resized proportionally: 881x1130 -> 500x641
2026-04-17 13:51:19,011 [INFO] Thumbnail saved: ..\..\data\processed\thumbnails\B0DM1S54MZ_thumb.jpg (100, 128)
2026-04-17 13:51:19,211 [INFO] WebP: 62KB -> 37KB (39.1% saving)
2026-04-17 13:51:19,212 [WARNING] No EXIF data found in ..\..\data\raw\images\B0DM1S54MZ.jpg
2026-04-17 13:51:19,265 [INFO] Resized proportionally: 1240x1500 -> 500x604
2026-04-17 13:51:19,292 [INFO] Thumbnail saved: ..\..\data\processed\thumbnails\B0FXY18C1J_thumb.jpg (106, 128)
2026-04-17 13:51:19,618 [INFO] WebP: 69KB -> 33KB (51.9% saving)
2026-04-17 13:51:19,619 [WARNING] No EXIF data found in ..\..\data\raw\images\B0FXY18C1J.jpg
2026-04-17 13:51:19,678 [INFO] Resized proportionally: 1478x1500 -> 500x507
2026-04-17 13:51:19,708 [INFO] Thumbnail saved: ..\..\data\processed\thumbnails\B0G4SVV79P_thumb.jpg (126, 128)
2026-04-17 13:51:20,077 [INFO] WebP: 86KB -> 47KB (45.2% saving)
2026-04-17 13:51:20,078 [WARNING] No EXIF data found in ..\..\data\raw\images\B0G4SVV79P.jpg
2026-04-17 13:51:20,099 [ERROR] Failed: test_scan.png - cannot write mode RGBA as JPEG
2026-04-17 13:51:20,126 [INFO] file_cache is only supported with oauth2client<4.0.0
2026-04-17 13:51:22,481 [INFO] file_cache is only supported with oauth2client<4.0.0
2026-04-17 13:51:24,925 [INFO] file_cache is only supported with oauth2client<4.0.0
2026-04-17 13:51:26,897 [INFO] file_cache is only supported with oauth2client<4.0.0
2026-04-17 13:51:29,554 [INFO] file_cache is only supported with oauth2client<4.0.0
2026-04-17 13:51:31,619 [INFO] file_cache is only supported with oauth2client<4.0.0
2026-04-17 13:51:34,759 [INFO] file_cache is only supported with oauth2client<4.0.0
2026-04-17 13:51:36,956 [INFO] file_cache is only supported with oauth2client<4.0.0
2026-04-17 13:51:39,420 [INFO] file_cache is only supported with oauth2client<4.0.0
2026-04-17 13:51:41,562 [INFO] file_cache is only supported with oauth2client<4.0.0
2026-04-17 13:51:44,237 [INFO] file_cache is only supported with oauth2client<4.0.0
2026-04-17 13:51:46,516 [INFO] file_cache is only supported with oauth2client<4.0.0
2026-04-17 13:51:49,136 [INFO] Batch complete. Success: 6, Errors: 1
2026-04-17 13:51:51,469 [INFO] Loaded audio: How Amazon's Super-Complex Shipping System Works [2qanMpnYsjk].mp3 (MP3)
2026-04-17 13:51:52,140 [INFO] Loaded audio: The Future of Ecommerce_ 9 Trends That Will Exist In 2030 [GQjuEygcS3A].mp3 (MP3)
2026-04-17 13:51:52,630 [INFO] Loaded audio: The truth about online shopping. [tDvjQp1BaWA].mp3 (MP3)
2026-04-17 13:51:54,292 [INFO] Loaded audio: How Amazon's Super-Complex Shipping System Works [2qanMpnYsjk].mp3 (MP3)
2026-04-17 13:51:54,293 [INFO] Trimmed audio: 5000ms -> 15000ms (was 1129465ms, now 10000ms)
2026-04-17 13:51:54,294 [INFO] Concatenated 2 clips, total: 20000ms
2026-04-17 13:51:54,563 [INFO] Volume adjusted by +6.0 dB
2026-04-17 13:51:54,802 [INFO] Applied fade-in 2000ms / fade-out 3000ms
2026-04-17 13:51:54,805 [INFO] Exported audio -> ../../data/processed/audio/How Amazon's Super-Complex Shipping System Works [2qanMpnYsjk]_trimmed.wav (1722.7 KB)
2026-04-17 13:51:55,000 [INFO] Exported audio -> ../../data/processed/audio/How Amazon's Super-Complex Shipping System Works [2qanMpnYsjk]_trimmed.mp3 (235.8 KB)
2026-04-17 13:51:56,889 [INFO] Loaded audio: How Amazon's Super-Complex Shipping System Works [2qanMpnYsjk].mp3 (MP3)
2026-04-17 13:51:58,932 [INFO] Exported audio -> ../../data/processed/audio/How Amazon's Super-Complex Shipping System Works [2qanMpnYsjk].flac (56692.4 KB)
2026-04-17 13:51:59,802 [INFO] Loaded audio: The Future of Ecommerce_ 9 Trends That Will Exist In 2030 [GQjuEygcS3A].mp3 (MP3)
2026-04-17 13:51:59,814 [INFO] Trimmed audio: 5000ms -> 15000ms (was 461241ms, now 10000ms)
2026-04-17 13:51:59,816 [INFO] Concatenated 2 clips, total: 20000ms
2026-04-17 13:51:59,933 [INFO] Volume adjusted by +6.0 dB
2026-04-17 13:52:00,055 [INFO] Applied fade-in 2000ms / fade-out 3000ms
2026-04-17 13:52:00,068 [INFO] Exported audio -> ../../data/processed/audio/The Future of Ecommerce_ 9 Trends That Will Exist In 2030 [GQjuEygcS3A]_trimmed.wav (1722.7 KB)
2026-04-17 13:52:00,256 [INFO] Exported audio -> ../../data/processed/audio/The Future of Ecommerce_ 9 Trends That Will Exist In 2030 [GQjuEygcS3A]_trimmed.mp3 (235.8 KB)
2026-04-17 13:52:01,111 [INFO] Loaded audio: The Future of Ecommerce_ 9 Trends That Will Exist In 2030 [GQjuEygcS3A].mp3 (MP3)
2026-04-17 13:52:02,020 [INFO] Exported audio -> ../../data/processed/audio/The Future of Ecommerce_ 9 Trends That Will Exist In 2030 [GQjuEygcS3A].flac (29256.1 KB)
2026-04-17 13:52:02,559 [INFO] Loaded audio: The truth about online shopping. [tDvjQp1BaWA].mp3 (MP3)
2026-04-17 13:52:02,565 [INFO] Trimmed audio: 5000ms -> 15000ms (was 308895ms, now 10000ms)
2026-04-17 13:52:02,568 [INFO] Concatenated 2 clips, total: 20000ms
2026-04-17 13:52:02,699 [INFO] Volume adjusted by +6.0 dB
2026-04-17 13:52:02,812 [INFO] Applied fade-in 2000ms / fade-out 3000ms
2026-04-17 13:52:02,821 [INFO] Exported audio -> ../../data/processed/audio/The truth about online shopping. [tDvjQp1BaWA]_trimmed.wav (1722.7 KB)
2026-04-17 13:52:03,073 [INFO] Exported audio -> ../../data/processed/audio/The truth about online shopping. [tDvjQp1BaWA]_trimmed.mp3 (235.8 KB)
2026-04-17 13:52:03,666 [INFO] Loaded audio: The truth about online shopping. [tDvjQp1BaWA].mp3 (MP3)
2026-04-17 13:52:04,295 [INFO] Exported audio -> ../../data/processed/audio/The truth about online shopping. [tDvjQp1BaWA].flac (18846.5 KB)
2026-04-17 13:56:47,118 [INFO] Batch processing 7 images from ..\..\data\raw\images
2026-04-17 13:56:47,156 [INFO] Resized proportionally: 742x924 -> 500x622
2026-04-17 13:56:47,163 [INFO] Thumbnail saved: ..\..\data\processed\thumbnails\B09SM24S8C_thumb.jpg (103, 128)
2026-04-17 13:56:47,286 [INFO] WebP: 49KB -> 36KB (27.4% saving)
2026-04-17 13:56:47,287 [WARNING] No EXIF data found in ..\..\data\raw\images\B09SM24S8C.jpg
2026-04-17 13:56:47,312 [INFO] Resized proportionally: 983x1257 -> 500x639
2026-04-17 13:56:47,324 [INFO] Thumbnail saved: ..\..\data\processed\thumbnails\B0CP6DDN1H_thumb.jpg (100, 128)
2026-04-17 13:56:47,464 [INFO] WebP: 81KB -> 52KB (36.2% saving)
2026-04-17 13:56:47,464 [WARNING] No EXIF data found in ..\..\data\raw\images\B0CP6DDN1H.jpg
2026-04-17 13:56:47,489 [INFO] Resized proportionally: 989x1279 -> 500x646
2026-04-17 13:56:47,507 [INFO] Thumbnail saved: ..\..\data\processed\thumbnails\B0CT6BQV81_thumb.jpg (99, 128)
2026-04-17 13:56:47,668 [INFO] WebP: 93KB -> 67KB (27.3% saving)
2026-04-17 13:56:47,669 [WARNING] No EXIF data found in ..\..\data\raw\images\B0CT6BQV81.jpg
2026-04-17 13:56:47,689 [INFO] Resized proportionally: 881x1130 -> 500x641
2026-04-17 13:56:47,698 [INFO] Thumbnail saved: ..\..\data\processed\thumbnails\B0DM1S54MZ_thumb.jpg (100, 128)
2026-04-17 13:56:47,807 [INFO] WebP: 62KB -> 37KB (39.1% saving)
2026-04-17 13:56:47,807 [WARNING] No EXIF data found in ..\..\data\raw\images\B0DM1S54MZ.jpg
2026-04-17 13:56:47,838 [INFO] Resized proportionally: 1240x1500 -> 500x604
2026-04-17 13:56:47,855 [INFO] Thumbnail saved: ..\..\data\processed\thumbnails\B0FXY18C1J_thumb.jpg (106, 128)
2026-04-17 13:56:48,039 [INFO] WebP: 69KB -> 33KB (51.9% saving)
2026-04-17 13:56:48,040 [WARNING] No EXIF data found in ..\..\data\raw\images\B0FXY18C1J.jpg
2026-04-17 13:56:48,077 [INFO] Resized proportionally: 1478x1500 -> 500x507
2026-04-17 13:56:48,098 [INFO] Thumbnail saved: ..\..\data\processed\thumbnails\B0G4SVV79P_thumb.jpg (126, 128)
2026-04-17 13:56:48,315 [INFO] WebP: 86KB -> 47KB (45.2% saving)
2026-04-17 13:56:48,316 [WARNING] No EXIF data found in ..\..\data\raw\images\B0G4SVV79P.jpg
2026-04-17 13:56:48,333 [ERROR] Failed: test_scan.png - cannot write mode RGBA as JPEG
2026-04-17 13:56:48,361 [INFO] file_cache is only supported with oauth2client<4.0.0
2026-04-17 13:56:50,554 [INFO] file_cache is only supported with oauth2client<4.0.0
2026-04-17 13:56:52,954 [INFO] file_cache is only supported with oauth2client<4.0.0
2026-04-17 13:56:54,906 [INFO] file_cache is only supported with oauth2client<4.0.0
2026-04-17 13:56:57,719 [INFO] file_cache is only supported with oauth2client<4.0.0
2026-04-17 13:56:59,885 [INFO] file_cache is only supported with oauth2client<4.0.0
2026-04-17 13:57:02,695 [INFO] file_cache is only supported with oauth2client<4.0.0
2026-04-17 13:57:05,060 [INFO] file_cache is only supported with oauth2client<4.0.0
2026-04-17 13:57:07,986 [INFO] file_cache is only supported with oauth2client<4.0.0
2026-04-17 13:57:10,522 [INFO] file_cache is only supported with oauth2client<4.0.0
2026-04-17 13:57:13,450 [INFO] file_cache is only supported with oauth2client<4.0.0
2026-04-17 13:57:15,492 [INFO] file_cache is only supported with oauth2client<4.0.0
2026-04-17 13:57:18,090 [INFO] Batch complete. Success: 6, Errors: 1
2026-04-17 13:57:19,926 [INFO] Loaded audio: How Amazon's Super-Complex Shipping System Works [2qanMpnYsjk].mp3 (MP3)
2026-04-17 13:57:20,550 [INFO] Loaded audio: The Future of Ecommerce_ 9 Trends That Will Exist In 2030 [GQjuEygcS3A].mp3 (MP3)
2026-04-17 13:57:20,978 [INFO] Loaded audio: The truth about online shopping. [tDvjQp1BaWA].mp3 (MP3)
2026-04-17 13:57:22,489 [INFO] Loaded audio: How Amazon's Super-Complex Shipping System Works [2qanMpnYsjk].mp3 (MP3)
2026-04-17 13:57:22,490 [INFO] Trimmed audio: 5000ms -> 15000ms (was 1129465ms, now 10000ms)
2026-04-17 13:57:22,491 [INFO] Concatenated 2 clips, total: 20000ms
2026-04-17 13:57:22,678 [INFO] Volume adjusted by +6.0 dB
2026-04-17 13:57:22,858 [INFO] Applied fade-in 2000ms / fade-out 3000ms
2026-04-17 13:57:22,860 [INFO] Exported audio -> ../../data/processed/audio/How Amazon's Super-Complex Shipping System Works [2qanMpnYsjk]_trimmed.wav (1722.7 KB)
2026-04-17 13:57:23,007 [INFO] Exported audio -> ../../data/processed/audio/How Amazon's Super-Complex Shipping System Works [2qanMpnYsjk]_trimmed.mp3 (235.8 KB)
2026-04-17 13:57:24,476 [INFO] Loaded audio: How Amazon's Super-Complex Shipping System Works [2qanMpnYsjk].mp3 (MP3)
2026-04-17 13:57:26,143 [INFO] Exported audio -> ../../data/processed/audio/How Amazon's Super-Complex Shipping System Works [2qanMpnYsjk].flac (56692.4 KB)
2026-04-17 13:57:26,778 [INFO] Loaded audio: The Future of Ecommerce_ 9 Trends That Will Exist In 2030 [GQjuEygcS3A].mp3 (MP3)
2026-04-17 13:57:26,786 [INFO] Trimmed audio: 5000ms -> 15000ms (was 461241ms, now 10000ms)
2026-04-17 13:57:26,787 [INFO] Concatenated 2 clips, total: 20000ms
2026-04-17 13:57:26,864 [INFO] Volume adjusted by +6.0 dB
2026-04-17 13:57:26,956 [INFO] Applied fade-in 2000ms / fade-out 3000ms
2026-04-17 13:57:26,966 [INFO] Exported audio -> ../../data/processed/audio/The Future of Ecommerce_ 9 Trends That Will Exist In 2030 [GQjuEygcS3A]_trimmed.wav (1722.7 KB)
2026-04-17 13:57:27,147 [INFO] Exported audio -> ../../data/processed/audio/The Future of Ecommerce_ 9 Trends That Will Exist In 2030 [GQjuEygcS3A]_trimmed.mp3 (235.8 KB)
2026-04-17 13:57:27,804 [INFO] Loaded audio: The Future of Ecommerce_ 9 Trends That Will Exist In 2030 [GQjuEygcS3A].mp3 (MP3)
2026-04-17 13:57:28,519 [INFO] Exported audio -> ../../data/processed/audio/The Future of Ecommerce_ 9 Trends That Will Exist In 2030 [GQjuEygcS3A].flac (29256.1 KB)
2026-04-17 13:57:28,946 [INFO] Loaded audio: The truth about online shopping. [tDvjQp1BaWA].mp3 (MP3)
2026-04-17 13:57:28,950 [INFO] Trimmed audio: 5000ms -> 15000ms (was 308895ms, now 10000ms)
2026-04-17 13:57:28,951 [INFO] Concatenated 2 clips, total: 20000ms
2026-04-17 13:57:29,004 [INFO] Volume adjusted by +6.0 dB
2026-04-17 13:57:29,064 [INFO] Applied fade-in 2000ms / fade-out 3000ms
2026-04-17 13:57:29,069 [INFO] Exported audio -> ../../data/processed/audio/The truth about online shopping. [tDvjQp1BaWA]_trimmed.wav (1722.7 KB)
2026-04-17 13:57:29,269 [INFO] Exported audio -> ../../data/processed/audio/The truth about online shopping. [tDvjQp1BaWA]_trimmed.mp3 (235.8 KB)
2026-04-17 13:57:29,686 [INFO] Loaded audio: The truth about online shopping. [tDvjQp1BaWA].mp3 (MP3)
2026-04-17 13:57:30,191 [INFO] Exported audio -> ../../data/processed/audio/The truth about online shopping. [tDvjQp1BaWA].flac (18846.5 KB)
2026-04-17 13:57:58,213 [INFO] Batch processing 7 images from ..\..\data\raw\images
2026-04-17 13:57:58,247 [INFO] Resized proportionally: 742x924 -> 500x622
2026-04-17 13:57:58,256 [INFO] Thumbnail saved: ..\..\data\processed\thumbnails\B09SM24S8C_thumb.jpg (103, 128)
2026-04-17 13:57:58,391 [INFO] WebP: 49KB -> 36KB (27.4% saving)
2026-04-17 13:57:58,392 [WARNING] No EXIF data found in ..\..\data\raw\images\B09SM24S8C.jpg
2026-04-17 13:57:58,423 [INFO] Resized proportionally: 983x1257 -> 500x639
2026-04-17 13:57:58,435 [INFO] Thumbnail saved: ..\..\data\processed\thumbnails\B0CP6DDN1H_thumb.jpg (100, 128)
2026-04-17 13:57:58,580 [INFO] WebP: 81KB -> 52KB (36.2% saving)
2026-04-17 13:57:58,581 [WARNING] No EXIF data found in ..\..\data\raw\images\B0CP6DDN1H.jpg
2026-04-17 13:57:58,608 [INFO] Resized proportionally: 989x1279 -> 500x646
2026-04-17 13:57:58,622 [INFO] Thumbnail saved: ..\..\data\processed\thumbnails\B0CT6BQV81_thumb.jpg (99, 128)
2026-04-17 13:57:58,781 [INFO] WebP: 93KB -> 67KB (27.3% saving)
2026-04-17 13:57:58,782 [WARNING] No EXIF data found in ..\..\data\raw\images\B0CT6BQV81.jpg
2026-04-17 13:57:58,803 [INFO] Resized proportionally: 881x1130 -> 500x641
2026-04-17 13:57:58,815 [INFO] Thumbnail saved: ..\..\data\processed\thumbnails\B0DM1S54MZ_thumb.jpg (100, 128)
2026-04-17 13:57:58,930 [INFO] WebP: 62KB -> 37KB (39.1% saving)
2026-04-17 13:57:58,930 [WARNING] No EXIF data found in ..\..\data\raw\images\B0DM1S54MZ.jpg
2026-04-17 13:57:58,959 [INFO] Resized proportionally: 1240x1500 -> 500x604
2026-04-17 13:57:58,975 [INFO] Thumbnail saved: ..\..\data\processed\thumbnails\B0FXY18C1J_thumb.jpg (106, 128)
2026-04-17 13:57:59,155 [INFO] WebP: 69KB -> 33KB (51.9% saving)
2026-04-17 13:57:59,156 [WARNING] No EXIF data found in ..\..\data\raw\images\B0FXY18C1J.jpg
2026-04-17 13:57:59,188 [INFO] Resized proportionally: 1478x1500 -> 500x507
2026-04-17 13:57:59,209 [INFO] Thumbnail saved: ..\..\data\processed\thumbnails\B0G4SVV79P_thumb.jpg (126, 128)
2026-04-17 13:57:59,431 [INFO] WebP: 86KB -> 47KB (45.2% saving)
2026-04-17 13:57:59,431 [WARNING] No EXIF data found in ..\..\data\raw\images\B0G4SVV79P.jpg
2026-04-17 13:57:59,448 [ERROR] Failed: test_scan.png - cannot write mode RGBA as JPEG
2026-04-17 13:57:59,460 [INFO] file_cache is only supported with oauth2client<4.0.0
2026-04-17 13:58:01,667 [INFO] file_cache is only supported with oauth2client<4.0.0
2026-04-17 13:58:04,052 [INFO] file_cache is only supported with oauth2client<4.0.0
2026-04-17 13:58:05,988 [INFO] file_cache is only supported with oauth2client<4.0.0
2026-04-17 13:58:08,669 [INFO] file_cache is only supported with oauth2client<4.0.0
2026-04-17 13:58:11,041 [INFO] file_cache is only supported with oauth2client<4.0.0
2026-04-17 13:58:14,012 [INFO] file_cache is only supported with oauth2client<4.0.0
2026-04-17 13:58:16,127 [INFO] file_cache is only supported with oauth2client<4.0.0
2026-04-17 13:58:19,146 [INFO] file_cache is only supported with oauth2client<4.0.0
2026-04-17 13:58:21,247 [INFO] file_cache is only supported with oauth2client<4.0.0
2026-04-17 13:58:23,465 [INFO] file_cache is only supported with oauth2client<4.0.0
2026-04-17 13:58:25,501 [INFO] file_cache is only supported with oauth2client<4.0.0
2026-04-17 13:58:28,537 [INFO] Batch complete. Success: 6, Errors: 1
2026-04-17 13:58:30,482 [INFO] Loaded audio: How Amazon's Super-Complex Shipping System Works [2qanMpnYsjk].mp3 (MP3)
2026-04-17 13:58:31,128 [INFO] Loaded audio: The Future of Ecommerce_ 9 Trends That Will Exist In 2030 [GQjuEygcS3A].mp3 (MP3)
2026-04-17 13:58:31,554 [INFO] Loaded audio: The truth about online shopping. [tDvjQp1BaWA].mp3 (MP3)
2026-04-17 13:58:33,096 [INFO] Loaded audio: How Amazon's Super-Complex Shipping System Works [2qanMpnYsjk].mp3 (MP3)
2026-04-17 13:58:33,097 [INFO] Trimmed audio: 5000ms -> 15000ms (was 1129465ms, now 10000ms)
2026-04-17 13:58:33,098 [INFO] Concatenated 2 clips, total: 20000ms
2026-04-17 13:58:33,278 [INFO] Volume adjusted by +6.0 dB
2026-04-17 13:58:33,449 [INFO] Applied fade-in 2000ms / fade-out 3000ms
2026-04-17 13:58:33,451 [INFO] Exported audio -> ../../data/processed/audio/How Amazon's Super-Complex Shipping System Works [2qanMpnYsjk]_trimmed.wav (1722.7 KB)
2026-04-17 13:58:33,605 [INFO] Exported audio -> ../../data/processed/audio/How Amazon's Super-Complex Shipping System Works [2qanMpnYsjk]_trimmed.mp3 (235.8 KB)
2026-04-17 13:58:35,105 [INFO] Loaded audio: How Amazon's Super-Complex Shipping System Works [2qanMpnYsjk].mp3 (MP3)
2026-04-17 13:58:36,642 [INFO] Exported audio -> ../../data/processed/audio/How Amazon's Super-Complex Shipping System Works [2qanMpnYsjk].flac (56692.4 KB)
2026-04-17 13:58:37,265 [INFO] Loaded audio: The Future of Ecommerce_ 9 Trends That Will Exist In 2030 [GQjuEygcS3A].mp3 (MP3)
2026-04-17 13:58:37,274 [INFO] Trimmed audio: 5000ms -> 15000ms (was 461241ms, now 10000ms)
2026-04-17 13:58:37,276 [INFO] Concatenated 2 clips, total: 20000ms
2026-04-17 13:58:37,353 [INFO] Volume adjusted by +6.0 dB
2026-04-17 13:58:37,441 [INFO] Applied fade-in 2000ms / fade-out 3000ms
2026-04-17 13:58:37,450 [INFO] Exported audio -> ../../data/processed/audio/The Future of Ecommerce_ 9 Trends That Will Exist In 2030 [GQjuEygcS3A]_trimmed.wav (1722.7 KB)
2026-04-17 13:58:37,619 [INFO] Exported audio -> ../../data/processed/audio/The Future of Ecommerce_ 9 Trends That Will Exist In 2030 [GQjuEygcS3A]_trimmed.mp3 (235.8 KB)
2026-04-17 13:58:38,271 [INFO] Loaded audio: The Future of Ecommerce_ 9 Trends That Will Exist In 2030 [GQjuEygcS3A].mp3 (MP3)
2026-04-17 13:58:39,035 [INFO] Exported audio -> ../../data/processed/audio/The Future of Ecommerce_ 9 Trends That Will Exist In 2030 [GQjuEygcS3A].flac (29256.1 KB)
2026-04-17 13:58:39,475 [INFO] Loaded audio: The truth about online shopping. [tDvjQp1BaWA].mp3 (MP3)
2026-04-17 13:58:39,479 [INFO] Trimmed audio: 5000ms -> 15000ms (was 308895ms, now 10000ms)
2026-04-17 13:58:39,480 [INFO] Concatenated 2 clips, total: 20000ms
2026-04-17 13:58:39,535 [INFO] Volume adjusted by +6.0 dB
2026-04-17 13:58:39,602 [INFO] Applied fade-in 2000ms / fade-out 3000ms
2026-04-17 13:58:39,607 [INFO] Exported audio -> ../../data/processed/audio/The truth about online shopping. [tDvjQp1BaWA]_trimmed.wav (1722.7 KB)
2026-04-17 13:58:39,804 [INFO] Exported audio -> ../../data/processed/audio/The truth about online shopping. [tDvjQp1BaWA]_trimmed.mp3 (235.8 KB)
2026-04-17 13:58:40,268 [INFO] Loaded audio: The truth about online shopping. [tDvjQp1BaWA].mp3 (MP3)
2026-04-17 13:58:40,772 [INFO] Exported audio -> ../../data/processed/audio/The truth about online shopping. [tDvjQp1BaWA].flac (18846.5 KB)
2026-04-17 13:58:41,616 [INFO] Loaded video: How Amazon Became The Fastest Delivery System.mp4
2026-04-17 13:58:41,875 [INFO] Saved frame at t=5.0s -> ../../data/processed/frames/How Amazon Became The Fastest Delivery System_thumb.png
2026-04-17 13:58:49,484 [INFO] Extracted 69 keyframes from How Amazon Became The Fastest Delivery System.mp4 (every 10.0s)
2026-04-17 13:58:49,718 [INFO] Loaded video: How Amazon Became The Fastest Delivery System.mp4
2026-04-17 13:59:00,140 [INFO] Extracted audio -> ../../data/processed/audio/How Amazon Became The Fastest Delivery System.mp3 (10672.5 KB)
2026-04-17 13:59:00,369 [INFO] Loaded video: The Future of Ecommerce_ 9 Trends That Will Exist In 2030.mp4
2026-04-17 13:59:00,707 [INFO] Saved frame at t=5.0s -> ../../data/processed/frames/The Future of Ecommerce_ 9 Trends That Will Exist In 2030_thumb.png
2026-04-17 13:59:06,557 [INFO] Extracted 47 keyframes from The Future of Ecommerce_ 9 Trends That Will Exist In 2030.mp4 (every 10.0s)
2026-04-17 13:59:06,780 [INFO] Loaded video: The Future of Ecommerce_ 9 Trends That Will Exist In 2030.mp4
2026-04-17 13:59:14,204 [INFO] Extracted audio -> ../../data/processed/audio/The Future of Ecommerce_ 9 Trends That Will Exist In 2030.mp3 (7207.6 KB)
2026-04-17 13:59:14,403 [INFO] Loaded video: The truth about online shopping..mp4
2026-04-17 13:59:14,683 [INFO] Saved frame at t=5.0s -> ../../data/processed/frames/The truth about online shopping._thumb.png
2026-04-17 13:59:17,915 [INFO] Extracted 31 keyframes from The truth about online shopping..mp4 (every 10.0s)
2026-04-17 13:59:18,127 [INFO] Loaded video: The truth about online shopping..mp4
2026-04-17 13:59:23,343 [INFO] Extracted audio -> ../../data/processed/audio/The truth about online shopping..mp3 (4827.6 KB)
2026-04-17 13:59:23,351 [INFO] === Audio/Video Processing Stage ===
2026-04-17 13:59:23,352 [INFO] Processing audio: How Amazon's Super-Complex Shipping System Works [2qanMpnYsjk].mp3
2026-04-17 13:59:25,473 [INFO] Loaded audio: How Amazon's Super-Complex Shipping System Works [2qanMpnYsjk].mp3 (MP3)
2026-04-17 13:59:25,475 [INFO] Trimmed audio: 0ms -> 30000ms (was 1129465ms, now 30000ms)
2026-04-17 13:59:25,493 [INFO] Applied fade-in 1000ms / fade-out 2000ms
2026-04-17 13:59:25,879 [INFO] Exported audio -> ../../data/processed/audio/How Amazon's Super-Complex Shipping System Works [2qanMpnYsjk]_clip.mp3 (704.7 KB)
2026-04-17 13:59:25,880 [INFO] Loading Whisper model: base on cpu
2026-04-17 13:59:26,732 [INFO] HTTP Request: GET https://huggingface.co/api/models/Systran/faster-whisper-base/revision/main "HTTP/1.1 200 OK"
2026-04-17 13:59:27,146 [INFO] Whisper model loaded.
2026-04-17 13:59:27,146 [INFO] Transcribing: How Amazon's Super-Complex Shipping System Works [2qanMpnYsjk].mp3
2026-04-17 13:59:29,058 [INFO] Processing audio with duration 18:49.465
2026-04-17 13:59:31,173 [INFO] Detected language 'en' with probability 1.00
2026-04-17 14:02:18,073 [INFO] Transcription complete: 133 segments, language=en (100%)
2026-04-17 14:02:18,116 [INFO] Saved transcript JSON -> ../../data/processed/transcripts/How Amazon's Super-Complex Shipping System Works [2qanMpnYsjk].json
2026-04-17 14:02:18,117 [INFO] Saved transcript TXT -> ../../data/processed/transcripts/How Amazon's Super-Complex Shipping System Works [2qanMpnYsjk].txt
2026-04-17 14:02:18,120 [INFO] Saved SRT -> ../../data/processed/transcripts/How Amazon's Super-Complex Shipping System Works [2qanMpnYsjk].srt
2026-04-17 14:02:18,142 [INFO] Saved transcript to MongoDB: How Amazon's Super-Complex Shipping System Works [2qanMpnYsjk].mp3 (id=69e2214ad9766acb70eead4d)
2026-04-17 14:02:18,143 [INFO] Processing audio: The Future of Ecommerce_ 9 Trends That Will Exist In 2030 [GQjuEygcS3A].mp3
2026-04-17 14:02:19,120 [INFO] Loaded audio: The Future of Ecommerce_ 9 Trends That Will Exist In 2030 [GQjuEygcS3A].mp3 (MP3)
2026-04-17 14:02:19,133 [INFO] Trimmed audio: 0ms -> 30000ms (was 461241ms, now 30000ms)
2026-04-17 14:02:19,152 [INFO] Applied fade-in 1000ms / fade-out 2000ms
2026-04-17 14:02:19,690 [INFO] Exported audio -> ../../data/processed/audio/The Future of Ecommerce_ 9 Trends That Will Exist In 2030 [GQjuEygcS3A]_clip.mp3 (704.7 KB)
2026-04-17 14:02:19,691 [INFO] Transcribing: The Future of Ecommerce_ 9 Trends That Will Exist In 2030 [GQjuEygcS3A].mp3
2026-04-17 14:02:20,534 [INFO] Processing audio with duration 07:41.241
2026-04-17 14:02:22,018 [INFO] Detected language 'en' with probability 1.00
2026-04-17 14:03:22,986 [INFO] Transcription complete: 84 segments, language=en (100%)
2026-04-17 14:03:23,002 [INFO] Saved transcript JSON -> ../../data/processed/transcripts/The Future of Ecommerce_ 9 Trends That Will Exist In 2030 [GQjuEygcS3A].json
2026-04-17 14:03:23,004 [INFO] Saved transcript TXT -> ../../data/processed/transcripts/The Future of Ecommerce_ 9 Trends That Will Exist In 2030 [GQjuEygcS3A].txt
2026-04-17 14:03:23,007 [INFO] Saved SRT -> ../../data/processed/transcripts/The Future of Ecommerce_ 9 Trends That Will Exist In 2030 [GQjuEygcS3A].srt
2026-04-17 14:03:23,010 [INFO] Saved transcript to MongoDB: The Future of Ecommerce_ 9 Trends That Will Exist In 2030 [GQjuEygcS3A].mp3 (id=69e2218bd9766acb70eead4e)
2026-04-17 14:03:23,011 [INFO] Processing audio: The truth about online shopping. [tDvjQp1BaWA].mp3
2026-04-17 14:03:23,674 [INFO] Loaded audio: The truth about online shopping. [tDvjQp1BaWA].mp3 (MP3)
2026-04-17 14:03:23,680 [INFO] Trimmed audio: 0ms -> 30000ms (was 308895ms, now 30000ms)
2026-04-17 14:03:23,699 [INFO] Applied fade-in 1000ms / fade-out 2000ms
2026-04-17 14:03:24,220 [INFO] Exported audio -> ../../data/processed/audio/The truth about online shopping. [tDvjQp1BaWA]_clip.mp3 (704.7 KB)
2026-04-17 14:03:24,221 [INFO] Transcribing: The truth about online shopping. [tDvjQp1BaWA].mp3
2026-04-17 14:03:24,791 [INFO] Processing audio with duration 05:08.895
2026-04-17 14:03:26,054 [INFO] Detected language 'en' with probability 1.00
2026-04-17 14:04:05,344 [INFO] Transcription complete: 55 segments, language=en (100%)
2026-04-17 14:04:05,359 [INFO] Saved transcript JSON -> ../../data/processed/transcripts/The truth about online shopping. [tDvjQp1BaWA].json
2026-04-17 14:04:05,361 [INFO] Saved transcript TXT -> ../../data/processed/transcripts/The truth about online shopping. [tDvjQp1BaWA].txt
2026-04-17 14:04:05,364 [INFO] Saved SRT -> ../../data/processed/transcripts/The truth about online shopping. [tDvjQp1BaWA].srt
2026-04-17 14:04:05,366 [INFO] Saved transcript to MongoDB: The truth about online shopping. [tDvjQp1BaWA].mp3 (id=69e221b5d9766acb70eead4f)
2026-04-17 14:04:05,367 [INFO] Processing video: How Amazon Became The Fastest Delivery System.mp4
2026-04-17 14:04:20,750 [INFO] Extracted 137 keyframes from How Amazon Became The Fastest Delivery System.mp4 (every 5.0s)
2026-04-17 14:04:20,982 [INFO] Loaded video: How Amazon Became The Fastest Delivery System.mp4
2026-04-17 14:04:30,381 [INFO] Extracted audio -> ../../data/processed/audio/How Amazon Became The Fastest Delivery System.mp3 (10672.5 KB)
2026-04-17 14:04:30,390 [INFO] Transcribing: How Amazon Became The Fastest Delivery System.mp3
2026-04-17 14:04:31,451 [INFO] Processing audio with duration 11:22.990
2026-04-17 14:04:33,114 [INFO] Detected language 'en' with probability 0.99
2026-04-17 14:06:03,759 [INFO] Transcription complete: 112 segments, language=en (99%)
2026-04-17 14:06:03,782 [INFO] Saved transcript JSON -> ../../data/processed/transcripts/How Amazon Became The Fastest Delivery System.json
2026-04-17 14:06:03,788 [INFO] Saved transcript TXT -> ../../data/processed/transcripts/How Amazon Became The Fastest Delivery System.txt
2026-04-17 14:06:03,792 [INFO] Saved SRT -> ../../data/processed/transcripts/How Amazon Became The Fastest Delivery System.srt
2026-04-17 14:06:03,796 [INFO] Saved transcript to MongoDB: How Amazon Became The Fastest Delivery System.mp3 (id=69e2222bd9766acb70eead50)
2026-04-17 14:06:03,796 [INFO] Processing video: The Future of Ecommerce_ 9 Trends That Will Exist In 2030.mp4
2026-04-17 14:06:15,966 [INFO] Extracted 93 keyframes from The Future of Ecommerce_ 9 Trends That Will Exist In 2030.mp4 (every 5.0s)
2026-04-17 14:06:16,223 [INFO] Loaded video: The Future of Ecommerce_ 9 Trends That Will Exist In 2030.mp4
2026-04-17 14:06:23,683 [INFO] Extracted audio -> ../../data/processed/audio/The Future of Ecommerce_ 9 Trends That Will Exist In 2030.mp3 (7207.6 KB)
2026-04-17 14:06:23,692 [INFO] Transcribing: The Future of Ecommerce_ 9 Trends That Will Exist In 2030.mp3
2026-04-17 14:06:24,510 [INFO] Processing audio with duration 07:41.240
2026-04-17 14:06:26,185 [INFO] Detected language 'en' with probability 1.00
2026-04-17 14:07:31,311 [INFO] Transcription complete: 84 segments, language=en (100%)
2026-04-17 14:07:31,334 [INFO] Saved transcript JSON -> ../../data/processed/transcripts/The Future of Ecommerce_ 9 Trends That Will Exist In 2030.json
2026-04-17 14:07:31,336 [INFO] Saved transcript TXT -> ../../data/processed/transcripts/The Future of Ecommerce_ 9 Trends That Will Exist In 2030.txt
2026-04-17 14:07:31,339 [INFO] Saved SRT -> ../../data/processed/transcripts/The Future of Ecommerce_ 9 Trends That Will Exist In 2030.srt
2026-04-17 14:07:31,343 [INFO] Saved transcript to MongoDB: The Future of Ecommerce_ 9 Trends That Will Exist In 2030.mp3 (id=69e22283d9766acb70eead51)
2026-04-17 14:07:31,344 [INFO] Processing video: The truth about online shopping..mp4
2026-04-17 14:07:37,907 [INFO] Extracted 62 keyframes from The truth about online shopping..mp4 (every 5.0s)
2026-04-17 14:07:38,111 [INFO] Loaded video: The truth about online shopping..mp4
2026-04-17 14:07:43,140 [INFO] Extracted audio -> ../../data/processed/audio/The truth about online shopping..mp3 (4827.6 KB)
2026-04-17 14:07:43,150 [INFO] Transcribing: The truth about online shopping..mp3
2026-04-17 14:07:43,725 [INFO] Processing audio with duration 05:08.900
2026-04-17 14:07:45,097 [INFO] Detected language 'en' with probability 1.00
2026-04-17 14:08:22,903 [INFO] Transcription complete: 55 segments, language=en (100%)
2026-04-17 14:08:22,915 [INFO] Saved transcript JSON -> ../../data/processed/transcripts/The truth about online shopping..json
2026-04-17 14:08:22,917 [INFO] Saved transcript TXT -> ../../data/processed/transcripts/The truth about online shopping..txt
2026-04-17 14:08:22,920 [INFO] Saved SRT -> ../../data/processed/transcripts/The truth about online shopping..srt
2026-04-17 14:08:22,923 [INFO] Saved transcript to MongoDB: The truth about online shopping..mp3 (id=69e222b6d9766acb70eead52)
2026-04-17 14:08:22,923 [INFO] === Audio/Video Processing Stage Complete ===
2026-04-17 14:08:22,929 [INFO] Pipeline finished successfully
